eeschema (2011-12-28 BZR 3254)-stable  >> Creation date: 2/13/2012 3:45:22 PM

#Cmp ( order = Reference )
| BF1        BAFFLE      ; Baffle      
| BP1        BackPlate   ; BackPlate   
| BT1        BATT_RTC    ; CR2032      
| C1         100u        ; CP_5x11mm   
| C2         100u        ; CP_5x11mm   
| C3         100n        ; C2          
| C6         100n        ; C2          
| C7         100n        ; C2          
| C8         100u        ; CP_5x11mm   
| C9         100n        ; C2          
| C10        100n        ; C2          
| C11        22p         ; cnp_3mm_disc
| C12        22p         ; cnp_3mm_disc
| CD1        CDOT1       ; pin_strip_4 
| CD2        CDOT2       ; pin_strip_4 
| CD3        CDOT3       ; pin_strip_4 
| D1         LED         ; led_5mm_clear
| D2         LED         ; led_5mm_clear
| D3         LED         ; led_5mm_clear
| D4         LED         ; led_5mm_clear
| D5         LED         ; led_5mm_clear
| D6         LED         ; led_5mm_clear
| D7         LED         ; led_5mm_clear
| D8         LED         ; led_5mm_clear
| D9         LED         ; led_5mm_clear
| D10        LED         ; led_5mm_clear
| D11        LED         ; led_5mm_clear
| D12        LED         ; led_5mm_clear
| D13        LED         ; led_5mm_clear
| D14        LED         ; led_5mm_clear
| D15        LED         ; led_5mm_clear
| D16        LED         ; led_5mm_clear
| D17        LED         ; led_5mm_clear
| D18        LED         ; led_5mm_clear
| D19        LED         ; led_5mm_clear
| D20        LED         ; led_5mm_clear
| D21        LED         ; led_5mm_clear
| D22        LED         ; led_5mm_clear
| D23        LED         ; led_5mm_clear
| D24        LED         ; led_5mm_clear
| D25        LED         ; led_5mm_clear
| D26        LED         ; led_5mm_clear
| D27        LED         ; led_5mm_clear
| D28        LED         ; led_5mm_clear
| D29        LED         ; led_5mm_clear
| D30        LED         ; led_5mm_clear
| D31        LED         ; led_5mm_clear
| D32        LED         ; led_5mm_clear
| D33        LED         ; led_5mm_clear
| D34        LED         ; led_5mm_clear
| D35        LED         ; led_5mm_clear
| D36        LED         ; led_5mm_clear
| D37        LED         ; led_5mm_clear
| D38        LED         ; led_5mm_clear
| D39        LED         ; led_5mm_clear
| D40        LED         ; led_5mm_clear
| D41        LED         ; led_5mm_clear
| D42        LED         ; led_5mm_clear
| D43        LED         ; led_5mm_clear
| D44        LED         ; led_5mm_clear
| D45        LED         ; led_5mm_clear
| D46        LED         ; led_5mm_clear
| D47        LED         ; led_5mm_clear
| D48        LED         ; led_5mm_clear
| D49        LED         ; led_5mm_clear
| D50        LED         ; led_5mm_clear
| D51        LED         ; led_5mm_clear
| D52        LED         ; led_5mm_clear
| D53        LED         ; led_5mm_clear
| D54        LED         ; led_5mm_clear
| D55        LED         ; led_5mm_clear
| D56        LED         ; led_5mm_clear
| D57        LED         ; led_5mm_clear
| D58        LED         ; led_5mm_clear
| D59        LED         ; led_5mm_clear
| D60        LED         ; led_5mm_clear
| D61        LED         ; led_5mm_clear
| D62        LED         ; led_5mm_clear
| D63        LED         ; led_5mm_clear
| D64        LED         ; led_5mm_clear
| D65        LED         ; led_5mm_clear
| D66        LED         ; led_5mm_clear
| D67        LED         ; led_5mm_clear
| D68        LED         ; led_5mm_clear
| D69        LED         ; led_5mm_clear
| D70        LED         ; led_5mm_clear
| D71        LED         ; led_5mm_clear
| D72        LED         ; led_5mm_clear
| D73        LED         ; led_5mm_clear
| D74        LED         ; led_5mm_clear
| D75        LED         ; led_5mm_clear
| D76        LED         ; led_5mm_clear
| D77        LED         ; led_5mm_clear
| D78        LED         ; led_5mm_clear
| D79        LED         ; led_5mm_clear
| D80        LED         ; led_5mm_clear
| D81        LED         ; led_5mm_clear
| D82        LED         ; led_5mm_clear
| D83        LED         ; led_5mm_clear
| D84        LED         ; led_5mm_clear
| D85        LED         ; led_5mm_clear
| D86        LED         ; led_5mm_clear
| D87        LED         ; led_5mm_clear
| D88        LED         ; led_5mm_clear
| D89        LED         ; led_5mm_clear
| D90        LED         ; led_5mm_clear
| D91        LED         ; led_5mm_clear
| D92        LED         ; led_5mm_clear
| D93        LED         ; led_5mm_clear
| D94        LED         ; led_5mm_clear
| D95        LED         ; led_5mm_clear
| D96        LED         ; led_5mm_clear
| D97        LED         ; led_5mm_clear
| D98        LED         ; led_5mm_clear
| D99        LED         ; led_5mm_clear
| D100       LED         ; led_5mm_clear
| D101       LED         ; led_5mm_clear
| D102       LED         ; led_5mm_clear
| D103       LED         ; led_5mm_clear
| D104       LED         ; led_5mm_clear
| D105       LED         ; led_5mm_clear
| D106       LED         ; led_5mm_clear
| D107       LED         ; led_5mm_clear
| D108       LED         ; led_5mm_clear
| D109       LED         ; led_5mm_clear
| D110       LED         ; led_5mm_clear
| D111       LED         ; led_5mm_clear
| D112       LED         ; led_5mm_clear
| D113       LED         ; led_5mm_clear
| D114       LED         ; led_5mm_clear
| D115       LED         ; led_5mm_clear
| D116       LED         ; led_5mm_clear
| D117       LED         ; led_5mm_clear
| D118       LED         ; led_5mm_clear
| D119       LED         ; led_5mm_clear
| D120       LED         ; led_5mm_clear
| D121       LED         ; led_5mm_clear
| D122       LED         ; led_5mm_clear
| D123       LED         ; led_5mm_clear
| D124       LED         ; led_5mm_clear
| D125       LED         ; led_5mm_clear
| D126       LED         ; led_5mm_clear
| D127       LED         ; led_5mm_clear
| D128       LED         ; led_5mm_clear
| D258       DBG         ; led_5mm_blue
| D260       PWR         ; led_5mm_blue
| DIL-U1     STP16DP05   ; SCK-24_600_ELL; 497-5975-1-ND
| FM1        FRAME       ; Frame       
| FP1        FacePlate   ; FacePlate   
| J1         V_IN        ; con-hirose-UX60-MB-5S8; http://search.digikey.com/us/en/products/UX60-MB-5ST/H2959CT-ND/597538
| J2         V_IN        ; con-usb-USB-B-H
| J3         V_IN        ; JACK_ALIM   
| K1         PWR SEL     ; pin_strip_3 
| K2         LED_ENABLE  ; pin_strip_3 
| K3         7Seg_Sel    ; 7Seg_Sel    
| K4         SCL         ; pin_strip_2 
| K5         SDA         ; pin_strip_2 
| P1         7SegDisp    ; pin_strip_8 
| P7         FTDI        ; pin_strip_6-90
| P8         CONN_1      ; vite_4mm    
| P9         CONN_1      ; vite_4mm    
| P10        CONN_1      ; vite_4mm    
| P11        CONN_1      ; vite_4mm    
| P12        V_OUT       ; pin_strip_3 
| P13        ISP         ; pin_strip_3x2
| P14        CONN_1      ; vite_4mm    
| P15        CONN_1      ; vite_4mm    
| P24        DIL6        ; PROTO-6     
| P25        DIL6        ; PROTO-6     
| P26        DIL6        ; PROTO-6     
| P27        DIL6        ; PROTO-6     
| P28        DIL6        ; PROTO-6     
| P29        DIL6        ; PROTO-6     
| P30        DIL6        ; PROTO-6     
| P31        DIL6        ; PROTO-6     
| P32        DIL6        ; PROTO-6     
| P33        DIL6        ; PROTO-6     
| P34        DIL6        ; PROTO-6     
| P35        DIL6        ; PROTO-6     
| P36        DIL6        ; PROTO-6     
| P37        DIL6        ; PROTO-6     
| P38        DIL6        ; PROTO-6     
| P39        DIL6        ; PROTO-6     
| P41        STACK-L     ; pin_sck_4-90
| P42        STACK-R     ; pin_strip_4-90
| P43        CONN_1      ; Pad01       
| P49        CONN_1      ; vite_3mm    
| P50        CONN_1      ; vite_3mm    
| P51        CONN_1      ; vite_3mm    
| P52        CONN_1      ; vite_3mm    
| P53        CONN_1      ; vite_4mm    
| P54        CONN_1      ; vite_4mm    
| PCB1       PCB         ; PCB         
| Q1         2N5401      ; to92_2N5401 
| Q2         2N5401      ; to92_2N5401 
| Q3         2N5401      ; to92_2N5401 
| Q4         2N5401      ; to92_2N5401 
| Q5         2N5401      ; to92_2N5401 
| Q6         2N5401      ; to92_2N5401 
| Q7         2N5401      ; to92_2N5401 
| Q8         2N5401      ; to92_2N5401 
| Q9         2N5401      ; to92_2N5401 
| Q10        2N5401      ; to92_2N5401 
| Q11        2N5401      ; to92_2N5401 
| Q12        2N5401      ; to92_2N5401 
| Q13        2N5401      ; to92_2N5401 
| Q14        2N5401      ; to92_2N5401 
| Q15        2N5401      ; to92_2N5401 
| Q16        2N5401      ; to92_2N5401 
| Q17        2N5401      ; to92_2N5401 ; 2N5401RLRAGOSCT-ND
| R1         100         ; rc03_vert   
| R2         100         ; rc03_vert   
| R3         100         ; rc03_vert   
| R4         100         ; rc03_vert   
| R5         100         ; rc03_vert   
| R6         100         ; rc03_vert   
| R7         100         ; rc03_vert   
| R8         100         ; rc03_vert   
| R9         100         ; rc03_vert   
| R10        100         ; rc03_vert   
| R11        100         ; rc03_vert   
| R12        100         ; rc03_vert   
| R13        100         ; rc03_vert   
| R14        100         ; rc03_vert   
| R15        100         ; rc03_vert   
| R16        100         ; rc03_vert   
| R17        10k         ; RC03        
| R18        10k         ; RC03        
| R19        10k         ; RC03        
| R20        4k7         ; RC03        
| R21        4k7         ; RC03        
| R22        10k         ; RC03        
| R23        10k         ; RC03        
| R24        1k          ; RC03        
| R25        1k          ; RC03        
| R26        1k          ; RC03        
| R30        100E        ; RC03        
| R31        10K         ; RC03        
| R32        LDR         ; pin_strip_2 
| R33        680E        ; RC03        
| R34        2k          ; Pot-Var2    
| R35        680E        ; RC03        
| R36        10k         ; RC03        
| R37        10k         ; RC03        
| R38        10k         ; RC03        
| rowBoB1    CONN_1      ; vite_3mm    
| SP1        SPEAKER     ; Speaker     ; 102-1169-ND 
| SW1        INC         ; SW_PB_V     ; P10884S-ND  
| SW2        DEC         ; SW_PB_V     ; P10884S-ND  
| SW3        MODE        ; SW_PB_V     ; P10884S-ND  
| SW4        RST         ; SW_PB_V     ; P10884S-ND  
| SW5        ENTER       ; SW_PB_V     ; P10884S-ND  
| SW12       INC         ; SW-PB-MOD   ; P10884S-ND  
| SW22       DEC         ; SW-PB-MOD   ; P10884S-ND  
| SW32       MODE        ; SW-PB-MOD   ; P10884S-ND  
| SW42       RST         ; SW-PB-MOD   ; P10884S-ND  
| SW52       ENTER       ; SW-PB-MOD   ; P10884S-ND  
| U3         ATMEGA8-P   ; dil_28-300_socket
| U4         74HC154     ; DIP-24__600_ELL; 296-8757-5-ND
| U5         STP8DP05    ; dil_16-300_socket
| U6         DS3231N     ; DS3231      
| X1         16MHz       ; XTAL        ; 490-1214-ND 
#End Cmp

#Cmp ( order = Value )
| 100          R1        ; rc03_vert   
| 100          R2        ; rc03_vert   
| 100          R3        ; rc03_vert   
| 100          R4        ; rc03_vert   
| 100          R5        ; rc03_vert   
| 100          R6        ; rc03_vert   
| 100          R7        ; rc03_vert   
| 100          R8        ; rc03_vert   
| 100          R9        ; rc03_vert   
| 100          R10       ; rc03_vert   
| 100          R11       ; rc03_vert   
| 100          R12       ; rc03_vert   
| 100          R13       ; rc03_vert   
| 100          R14       ; rc03_vert   
| 100          R15       ; rc03_vert   
| 100          R16       ; rc03_vert   
| 100E         R30       ; RC03        
| 100n         C3        ; C2          
| 100n         C6        ; C2          
| 100n         C7        ; C2          
| 100n         C9        ; C2          
| 100n         C10       ; C2          
| 100u         C1        ; CP_5x11mm   
| 100u         C2        ; CP_5x11mm   
| 100u         C8        ; CP_5x11mm   
| 10k          R17       ; RC03        
| 10k          R18       ; RC03        
| 10k          R19       ; RC03        
| 10k          R22       ; RC03        
| 10k          R23       ; RC03        
| 10K          R31       ; RC03        
| 10k          R36       ; RC03        
| 10k          R37       ; RC03        
| 10k          R38       ; RC03        
| 16MHz        X1        ; XTAL        ; 490-1214-ND 
| 1k           R24       ; RC03        
| 1k           R25       ; RC03        
| 1k           R26       ; RC03        
| 22p          C11       ; cnp_3mm_disc
| 22p          C12       ; cnp_3mm_disc
| 2k           R34       ; Pot-Var2    
| 2N5401       Q1        ; to92_2N5401 
| 2N5401       Q2        ; to92_2N5401 
| 2N5401       Q3        ; to92_2N5401 
| 2N5401       Q4        ; to92_2N5401 
| 2N5401       Q5        ; to92_2N5401 
| 2N5401       Q6        ; to92_2N5401 
| 2N5401       Q7        ; to92_2N5401 
| 2N5401       Q8        ; to92_2N5401 
| 2N5401       Q9        ; to92_2N5401 
| 2N5401       Q10       ; to92_2N5401 
| 2N5401       Q11       ; to92_2N5401 
| 2N5401       Q12       ; to92_2N5401 
| 2N5401       Q13       ; to92_2N5401 
| 2N5401       Q14       ; to92_2N5401 
| 2N5401       Q15       ; to92_2N5401 
| 2N5401       Q16       ; to92_2N5401 
| 2N5401       Q17       ; to92_2N5401 ; 2N5401RLRAGOSCT-ND
| 4k7          R20       ; RC03        
| 4k7          R21       ; RC03        
| 680E         R33       ; RC03        
| 680E         R35       ; RC03        
| 74HC154      U4        ; DIP-24__600_ELL; 296-8757-5-ND
| 7Seg_Sel     K3        ; 7Seg_Sel    
| 7SegDisp     P1        ; pin_strip_8 
| ATMEGA8-P    U3        ; dil_28-300_socket
| BackPlate    BP1       ; BackPlate   
| BAFFLE       BF1       ; Baffle      
| BATT_RTC     BT1       ; CR2032      
| CDOT1        CD1       ; pin_strip_4 
| CDOT2        CD2       ; pin_strip_4 
| CDOT3        CD3       ; pin_strip_4 
| CONN_1       P8        ; vite_4mm    
| CONN_1       P9        ; vite_4mm    
| CONN_1       P10       ; vite_4mm    
| CONN_1       P11       ; vite_4mm    
| CONN_1       P14       ; vite_4mm    
| CONN_1       P15       ; vite_4mm    
| CONN_1       P43       ; Pad01       
| CONN_1       P49       ; vite_3mm    
| CONN_1       P50       ; vite_3mm    
| CONN_1       P51       ; vite_3mm    
| CONN_1       P52       ; vite_3mm    
| CONN_1       P53       ; vite_4mm    
| CONN_1       P54       ; vite_4mm    
| CONN_1       rowBoB1   ; vite_3mm    
| DBG          D258      ; led_5mm_blue
| DEC          SW2       ; SW_PB_V     ; P10884S-ND  
| DEC          SW22      ; SW-PB-MOD   ; P10884S-ND  
| DIL6         P24       ; PROTO-6     
| DIL6         P25       ; PROTO-6     
| DIL6         P26       ; PROTO-6     
| DIL6         P27       ; PROTO-6     
| DIL6         P28       ; PROTO-6     
| DIL6         P29       ; PROTO-6     
| DIL6         P30       ; PROTO-6     
| DIL6         P31       ; PROTO-6     
| DIL6         P32       ; PROTO-6     
| DIL6         P33       ; PROTO-6     
| DIL6         P34       ; PROTO-6     
| DIL6         P35       ; PROTO-6     
| DIL6         P36       ; PROTO-6     
| DIL6         P37       ; PROTO-6     
| DIL6         P38       ; PROTO-6     
| DIL6         P39       ; PROTO-6     
| DS3231N      U6        ; DS3231      
| ENTER        SW5       ; SW_PB_V     ; P10884S-ND  
| ENTER        SW52      ; SW-PB-MOD   ; P10884S-ND  
| FacePlate    FP1       ; FacePlate   
| FRAME        FM1       ; Frame       
| FTDI         P7        ; pin_strip_6-90
| INC          SW1       ; SW_PB_V     ; P10884S-ND  
| INC          SW12      ; SW-PB-MOD   ; P10884S-ND  
| ISP          P13       ; pin_strip_3x2
| LDR          R32       ; pin_strip_2 
| LED          D1        ; led_5mm_clear
| LED          D2        ; led_5mm_clear
| LED          D3        ; led_5mm_clear
| LED          D4        ; led_5mm_clear
| LED          D5        ; led_5mm_clear
| LED          D6        ; led_5mm_clear
| LED          D7        ; led_5mm_clear
| LED          D8        ; led_5mm_clear
| LED          D9        ; led_5mm_clear
| LED          D10       ; led_5mm_clear
| LED          D11       ; led_5mm_clear
| LED          D12       ; led_5mm_clear
| LED          D13       ; led_5mm_clear
| LED          D14       ; led_5mm_clear
| LED          D15       ; led_5mm_clear
| LED          D16       ; led_5mm_clear
| LED          D17       ; led_5mm_clear
| LED          D18       ; led_5mm_clear
| LED          D19       ; led_5mm_clear
| LED          D20       ; led_5mm_clear
| LED          D21       ; led_5mm_clear
| LED          D22       ; led_5mm_clear
| LED          D23       ; led_5mm_clear
| LED          D24       ; led_5mm_clear
| LED          D25       ; led_5mm_clear
| LED          D26       ; led_5mm_clear
| LED          D27       ; led_5mm_clear
| LED          D28       ; led_5mm_clear
| LED          D29       ; led_5mm_clear
| LED          D30       ; led_5mm_clear
| LED          D31       ; led_5mm_clear
| LED          D32       ; led_5mm_clear
| LED          D33       ; led_5mm_clear
| LED          D34       ; led_5mm_clear
| LED          D35       ; led_5mm_clear
| LED          D36       ; led_5mm_clear
| LED          D37       ; led_5mm_clear
| LED          D38       ; led_5mm_clear
| LED          D39       ; led_5mm_clear
| LED          D40       ; led_5mm_clear
| LED          D41       ; led_5mm_clear
| LED          D42       ; led_5mm_clear
| LED          D43       ; led_5mm_clear
| LED          D44       ; led_5mm_clear
| LED          D45       ; led_5mm_clear
| LED          D46       ; led_5mm_clear
| LED          D47       ; led_5mm_clear
| LED          D48       ; led_5mm_clear
| LED          D49       ; led_5mm_clear
| LED          D50       ; led_5mm_clear
| LED          D51       ; led_5mm_clear
| LED          D52       ; led_5mm_clear
| LED          D53       ; led_5mm_clear
| LED          D54       ; led_5mm_clear
| LED          D55       ; led_5mm_clear
| LED          D56       ; led_5mm_clear
| LED          D57       ; led_5mm_clear
| LED          D58       ; led_5mm_clear
| LED          D59       ; led_5mm_clear
| LED          D60       ; led_5mm_clear
| LED          D61       ; led_5mm_clear
| LED          D62       ; led_5mm_clear
| LED          D63       ; led_5mm_clear
| LED          D64       ; led_5mm_clear
| LED          D65       ; led_5mm_clear
| LED          D66       ; led_5mm_clear
| LED          D67       ; led_5mm_clear
| LED          D68       ; led_5mm_clear
| LED          D69       ; led_5mm_clear
| LED          D70       ; led_5mm_clear
| LED          D71       ; led_5mm_clear
| LED          D72       ; led_5mm_clear
| LED          D73       ; led_5mm_clear
| LED          D74       ; led_5mm_clear
| LED          D75       ; led_5mm_clear
| LED          D76       ; led_5mm_clear
| LED          D77       ; led_5mm_clear
| LED          D78       ; led_5mm_clear
| LED          D79       ; led_5mm_clear
| LED          D80       ; led_5mm_clear
| LED          D81       ; led_5mm_clear
| LED          D82       ; led_5mm_clear
| LED          D83       ; led_5mm_clear
| LED          D84       ; led_5mm_clear
| LED          D85       ; led_5mm_clear
| LED          D86       ; led_5mm_clear
| LED          D87       ; led_5mm_clear
| LED          D88       ; led_5mm_clear
| LED          D89       ; led_5mm_clear
| LED          D90       ; led_5mm_clear
| LED          D91       ; led_5mm_clear
| LED          D92       ; led_5mm_clear
| LED          D93       ; led_5mm_clear
| LED          D94       ; led_5mm_clear
| LED          D95       ; led_5mm_clear
| LED          D96       ; led_5mm_clear
| LED          D97       ; led_5mm_clear
| LED          D98       ; led_5mm_clear
| LED          D99       ; led_5mm_clear
| LED          D100      ; led_5mm_clear
| LED          D101      ; led_5mm_clear
| LED          D102      ; led_5mm_clear
| LED          D103      ; led_5mm_clear
| LED          D104      ; led_5mm_clear
| LED          D105      ; led_5mm_clear
| LED          D106      ; led_5mm_clear
| LED          D107      ; led_5mm_clear
| LED          D108      ; led_5mm_clear
| LED          D109      ; led_5mm_clear
| LED          D110      ; led_5mm_clear
| LED          D111      ; led_5mm_clear
| LED          D112      ; led_5mm_clear
| LED          D113      ; led_5mm_clear
| LED          D114      ; led_5mm_clear
| LED          D115      ; led_5mm_clear
| LED          D116      ; led_5mm_clear
| LED          D117      ; led_5mm_clear
| LED          D118      ; led_5mm_clear
| LED          D119      ; led_5mm_clear
| LED          D120      ; led_5mm_clear
| LED          D121      ; led_5mm_clear
| LED          D122      ; led_5mm_clear
| LED          D123      ; led_5mm_clear
| LED          D124      ; led_5mm_clear
| LED          D125      ; led_5mm_clear
| LED          D126      ; led_5mm_clear
| LED          D127      ; led_5mm_clear
| LED          D128      ; led_5mm_clear
| LED_ENABLE   K2        ; pin_strip_3 
| MODE         SW3       ; SW_PB_V     ; P10884S-ND  
| MODE         SW32      ; SW-PB-MOD   ; P10884S-ND  
| PCB          PCB1      ; PCB         
| PWR          D260      ; led_5mm_blue
| PWR SEL      K1        ; pin_strip_3 
| RST          SW4       ; SW_PB_V     ; P10884S-ND  
| RST          SW42      ; SW-PB-MOD   ; P10884S-ND  
| SCL          K4        ; pin_strip_2 
| SDA          K5        ; pin_strip_2 
| SPEAKER      SP1       ; Speaker     ; 102-1169-ND 
| STACK-L      P41       ; pin_sck_4-90
| STACK-R      P42       ; pin_strip_4-90
| STP16DP05    DIL-U1    ; SCK-24_600_ELL; 497-5975-1-ND
| STP8DP05     U5        ; dil_16-300_socket
| V_IN         J1        ; con-hirose-UX60-MB-5S8; http://search.digikey.com/us/en/products/UX60-MB-5ST/H2959CT-ND/597538
| V_IN         J2        ; con-usb-USB-B-H
| V_IN         J3        ; JACK_ALIM   
| V_OUT        P12       ; pin_strip_3 
#End Cmp

#End List
